<?xml version="1.0" encoding="UTF-8"?>
<testsuite xmlns:xsi="http://www.w3.org/2001/XMLSchema-instance" xsi:noNamespaceSchemaLocation="https://maven.apache.org/surefire/maven-surefire-plugin/xsd/surefire-test-report.xsd" name="com.runners.TestNGRunner" time="105.936" tests="4" errors="0" skipped="0" failures="3">
  <properties>
[...]
</properties>
  <testcase name="runScenario" classname="com.runners.TestNGRunner" time="23.843">
    <failure message="timeout: Timed out receiving message from renderer: 17.126&#10;  (Session info: chrome=127.0.6533.72)&#10;Build info: version: &apos;4.23.0&apos;, revision: &apos;4df0a231af&apos;&#10;System info: os.name: &apos;Windows 10&apos;, os.arch: &apos;amd64&apos;, os.version: &apos;10.0&apos;, java.version: &apos;11.0.2&apos;&#10;Driver info: org.openqa.selenium.chrome.ChromeDriver&#10;Command: [076a7f695794f81176027a8c674c0f61, get {url=https://www.nytimes.com/}]&#10;Capabilities {acceptInsecureCerts: false, browserName: chrome, browserVersion: 127.0.6533.72, chrome: {chromedriverVersion: 127.0.6533.72 (9755e24ca85a..., userDataDir: C:\Users\SANDEE~1\AppData\L...}, fedcm:accounts: true, goog:chromeOptions: {debuggerAddress: localhost:52384}, networkConnectionEnabled: false, pageLoadStrategy: normal, platformName: windows, proxy: Proxy(), se:cdp: ws://localhost:52384/devtoo..., se:cdpVersion: 127.0.6533.72, setWindowRect: true, strictFileInteractability: false, timeouts: {implicit: 0, pageLoad: 300000, script: 30000}, unhandledPromptBehavior: dismiss and notify, webauthn:extension:credBlob: true, webauthn:extension:largeBlob: true, webauthn:extension:minPinLength: true, webauthn:extension:prf: true, webauthn:virtualAuthenticators: true}&#10;Session ID: 076a7f695794f81176027a8c674c0f61" type="org.openqa.selenium.TimeoutException">org.openqa.selenium.TimeoutException: 
timeout: Timed out receiving message from renderer: 17.126
  (Session info: chrome=127.0.6533.72)
Build info: version: '4.23.0', revision: '4df0a231af'
System info: os.name: 'Windows 10', os.arch: 'amd64', os.version: '10.0', java.version: '11.0.2'
Driver info: org.openqa.selenium.chrome.ChromeDriver
Command: [076a7f695794f81176027a8c674c0f61, get {url=https://www.nytimes.com/}]
Capabilities {acceptInsecureCerts: false, browserName: chrome, browserVersion: 127.0.6533.72, chrome: {chromedriverVersion: 127.0.6533.72 (9755e24ca85a..., userDataDir: C:\Users\SANDEE~1\AppData\L...}, fedcm:accounts: true, goog:chromeOptions: {debuggerAddress: localhost:52384}, networkConnectionEnabled: false, pageLoadStrategy: normal, platformName: windows, proxy: Proxy(), se:cdp: ws://localhost:52384/devtoo..., se:cdpVersion: 127.0.6533.72, setWindowRect: true, strictFileInteractability: false, timeouts: {implicit: 0, pageLoad: 300000, script: 30000}, unhandledPromptBehavior: dismiss and notify, webauthn:extension:credBlob: true, webauthn:extension:largeBlob: true, webauthn:extension:minPinLength: true, webauthn:extension:prf: true, webauthn:virtualAuthenticators: true}
Session ID: 076a7f695794f81176027a8c674c0f61
</failure>
    <system-out><![CDATA[
Scenario Outline: [1] Verify that User should be able to login successfully                                                 &amp#27;[90m# src/test/resources/features/functionalities.feature:15&amp#27;[0m
  &amp#27;[31mGiven &amp#27;[0m&amp#27;[31mUser is on Home Page&amp#27;[0m                                                                                                &amp#27;[90m# com.stepdefinitions.HomePageSteps.user_is_on_home_page()&amp#27;[0m
      &amp#27;[31morg.openqa.selenium.TimeoutException: timeout: Timed out receiving message from renderer: 17.126
  (Session info: chrome=127.0.6533.72)
Build info: version: '4.23.0', revision: '4df0a231af'
System info: os.name: 'Windows 10', os.arch: 'amd64', os.version: '10.0', java.version: '11.0.2'
Driver info: org.openqa.selenium.chrome.ChromeDriver
Command: [076a7f695794f81176027a8c674c0f61, get {url=https://www.nytimes.com/}]
Capabilities {acceptInsecureCerts: false, browserName: chrome, browserVersion: 127.0.6533.72, chrome: {chromedriverVersion: 127.0.6533.72 (9755e24ca85a..., userDataDir: C:\Users\SANDEE~1\AppData\L...}, fedcm:accounts: true, goog:chromeOptions: {debuggerAddress: localhost:52384}, networkConnectionEnabled: false, pageLoadStrategy: normal, platformName: windows, proxy: Proxy(), se:cdp: ws://localhost:52384/devtoo..., se:cdpVersion: 127.0.6533.72, setWindowRect: true, strictFileInteractability: false, timeouts: {implicit: 0, pageLoad: 300000, script: 30000}, unhandledPromptBehavior: dismiss and notify, webauthn:extension:credBlob: true, webauthn:extension:largeBlob: true, webauthn:extension:minPinLength: true, webauthn:extension:prf: true, webauthn:virtualAuthenticators: true}
Session ID: 076a7f695794f81176027a8c674c0f61
	at java.base/jdk.internal.reflect.NativeConstructorAccessorImpl.newInstance0(Native Method)
	at java.base/jdk.internal.reflect.NativeConstructorAccessorImpl.newInstance(NativeConstructorAccessorImpl.java:62)
	at java.base/jdk.internal.reflect.DelegatingConstructorAccessorImpl.newInstance(DelegatingConstructorAccessorImpl.java:45)
	at java.base/java.lang.reflect.Constructor.newInstance(Constructor.java:490)
	at org.openqa.selenium.remote.ErrorCodec.decode(ErrorCodec.java:167)
	at org.openqa.selenium.remote.codec.w3c.W3CHttpResponseCodec.decode(W3CHttpResponseCodec.java:138)
	at org.openqa.selenium.remote.codec.w3c.W3CHttpResponseCodec.decode(W3CHttpResponseCodec.java:50)
	at org.openqa.selenium.remote.HttpCommandExecutor.execute(HttpCommandExecutor.java:190)
	at org.openqa.selenium.remote.service.DriverCommandExecutor.invokeExecute(DriverCommandExecutor.java:216)
	at org.openqa.selenium.remote.service.DriverCommandExecutor.execute(DriverCommandExecutor.java:174)
	at org.openqa.selenium.remote.RemoteWebDriver.execute(RemoteWebDriver.java:527)
	at org.openqa.selenium.remote.RemoteWebDriver.get(RemoteWebDriver.java:302)
	at com.stepdefinitions.HomePageSteps.user_is_on_home_page(HomePageSteps.java:24)
	at âœ½.User is on Home Page(file:///C:/Users/sandeepdalei/eclipse-workspace/AssignmentCheck/src/test/resources/features/functionalities.feature:4)
&amp#27;[0m
  &amp#27;[36mAnd &amp#27;[0m&amp#27;[36mUser clicks the login button&amp#27;[0m                                                                                          &amp#27;[90m# com.stepdefinitions.HomePageSteps.user_clicks_the_login_button()&amp#27;[0m
  &amp#27;[36mAnd &amp#27;[0m&amp#27;[36mUser is on Login Page&amp#27;[0m                                                                                                 &amp#27;[90m# com.stepdefinitions.LoginPageSteps.user_is_on_login_page()&amp#27;[0m
  &amp#27;[36mAnd &amp#27;[0m&amp#27;[36mUser enters the email id &amp#27;[0m&amp#27;[36m&amp#27;[1msandeep.dalei@nagarro.com&amp#27;[0m                                                                    &amp#27;[90m# com.stepdefinitions.LoginPageSteps.user_enters_the_email_id(java.lang.String)&amp#27;[0m
  &amp#27;[36mAnd &amp#27;[0m&amp#27;[36mUser clicks the continue button&amp#27;[0m                                                                                       &amp#27;[90m# com.stepdefinitions.LoginPageSteps.user_clicks_the_continue_button()&amp#27;[0m
  &amp#27;[36mAnd &amp#27;[0m&amp#27;[36mUser enters the password &amp#27;[0m&amp#27;[36m&amp#27;[1mSandeep@32127&amp#27;[0m                                                                                &amp#27;[90m# com.stepdefinitions.LoginPageSteps.user_enters_the_password_sandeep(java.lang.String)&amp#27;[0m
  &amp#27;[36mAnd &amp#27;[0m&amp#27;[36muser clicks the login button on Login Page&amp#27;[0m                                                                            &amp#27;[90m# com.stepdefinitions.LoginPageSteps.user_clicks_the_login_button_on_login_page()&amp#27;[0m
  &amp#27;[36mWhen &amp#27;[0m&amp#27;[36mUser clicks the continue without subscription button&amp#27;[0m                                                                 &amp#27;[90m# com.stepdefinitions.LoginPageSteps.user_clicks_the_continue_without_subscription_button()&amp#27;[0m
  &amp#27;[36mThen &amp#27;[0m&amp#27;[36mUser should verify the page title on Home Page as &amp#27;[0m&amp#27;[36m&amp#27;[1mThe New York Times - Breaking News, US News, World News and Videos&amp#27;[0m &amp#27;[90m# com.stepdefinitions.HomePageSteps.user_logins_successfully_and_is_on_home_page(java.lang.String)&amp#27;[0m

    Embedding fec7ec14-3bec-431c-9fed-051e78e770a2 [image/png 1015038 bytes]

]]></system-out>
    <system-err><![CDATA[SLF4J(W): No SLF4J providers were found.
SLF4J(W): Defaulting to no-operation (NOP) logger implementation
SLF4J(W): See https://www.slf4j.org/codes.html#noProviders for further details.
]]></system-err>
  </testcase>
  <testcase name="runScenario" classname="com.runners.TestNGRunner" time="18.409"/>
  <testcase name="runScenario" classname="com.runners.TestNGRunner" time="22.808">
    <failure message="timeout: Timed out receiving message from renderer: 19.442&#10;  (Session info: chrome=127.0.6533.72)&#10;Build info: version: &apos;4.23.0&apos;, revision: &apos;4df0a231af&apos;&#10;System info: os.name: &apos;Windows 10&apos;, os.arch: &apos;amd64&apos;, os.version: &apos;10.0&apos;, java.version: &apos;11.0.2&apos;&#10;Driver info: org.openqa.selenium.chrome.ChromeDriver&#10;Command: [caf9797fa991aca532afeb3669bd72a6, get {url=https://www.nytimes.com/}]&#10;Capabilities {acceptInsecureCerts: false, browserName: chrome, browserVersion: 127.0.6533.72, chrome: {chromedriverVersion: 127.0.6533.72 (9755e24ca85a..., userDataDir: C:\Users\SANDEE~1\AppData\L...}, fedcm:accounts: true, goog:chromeOptions: {debuggerAddress: localhost:57427}, networkConnectionEnabled: false, pageLoadStrategy: normal, platformName: windows, proxy: Proxy(), se:cdp: ws://localhost:57427/devtoo..., se:cdpVersion: 127.0.6533.72, setWindowRect: true, strictFileInteractability: false, timeouts: {implicit: 0, pageLoad: 300000, script: 30000}, unhandledPromptBehavior: dismiss and notify, webauthn:extension:credBlob: true, webauthn:extension:largeBlob: true, webauthn:extension:minPinLength: true, webauthn:extension:prf: true, webauthn:virtualAuthenticators: true}&#10;Session ID: caf9797fa991aca532afeb3669bd72a6" type="org.openqa.selenium.TimeoutException">org.openqa.selenium.TimeoutException: 
timeout: Timed out receiving message from renderer: 19.442
  (Session info: chrome=127.0.6533.72)
Build info: version: '4.23.0', revision: '4df0a231af'
System info: os.name: 'Windows 10', os.arch: 'amd64', os.version: '10.0', java.version: '11.0.2'
Driver info: org.openqa.selenium.chrome.ChromeDriver
Command: [caf9797fa991aca532afeb3669bd72a6, get {url=https://www.nytimes.com/}]
Capabilities {acceptInsecureCerts: false, browserName: chrome, browserVersion: 127.0.6533.72, chrome: {chromedriverVersion: 127.0.6533.72 (9755e24ca85a..., userDataDir: C:\Users\SANDEE~1\AppData\L...}, fedcm:accounts: true, goog:chromeOptions: {debuggerAddress: localhost:57427}, networkConnectionEnabled: false, pageLoadStrategy: normal, platformName: windows, proxy: Proxy(), se:cdp: ws://localhost:57427/devtoo..., se:cdpVersion: 127.0.6533.72, setWindowRect: true, strictFileInteractability: false, timeouts: {implicit: 0, pageLoad: 300000, script: 30000}, unhandledPromptBehavior: dismiss and notify, webauthn:extension:credBlob: true, webauthn:extension:largeBlob: true, webauthn:extension:minPinLength: true, webauthn:extension:prf: true, webauthn:virtualAuthenticators: true}
Session ID: caf9797fa991aca532afeb3669bd72a6
</failure>
    <system-out><![CDATA[
Scenario Outline: [3] Verify the Search action in Home Page                &amp#27;[90m# src/test/resources/features/functionalities.feature:29&amp#27;[0m
  &amp#27;[31mGiven &amp#27;[0m&amp#27;[31mUser is on Home Page&amp#27;[0m                                               &amp#27;[90m# com.stepdefinitions.HomePageSteps.user_is_on_home_page()&amp#27;[0m
      &amp#27;[31morg.openqa.selenium.TimeoutException: timeout: Timed out receiving message from renderer: 19.442
  (Session info: chrome=127.0.6533.72)
Build info: version: '4.23.0', revision: '4df0a231af'
System info: os.name: 'Windows 10', os.arch: 'amd64', os.version: '10.0', java.version: '11.0.2'
Driver info: org.openqa.selenium.chrome.ChromeDriver
Command: [caf9797fa991aca532afeb3669bd72a6, get {url=https://www.nytimes.com/}]
Capabilities {acceptInsecureCerts: false, browserName: chrome, browserVersion: 127.0.6533.72, chrome: {chromedriverVersion: 127.0.6533.72 (9755e24ca85a..., userDataDir: C:\Users\SANDEE~1\AppData\L...}, fedcm:accounts: true, goog:chromeOptions: {debuggerAddress: localhost:57427}, networkConnectionEnabled: false, pageLoadStrategy: normal, platformName: windows, proxy: Proxy(), se:cdp: ws://localhost:57427/devtoo..., se:cdpVersion: 127.0.6533.72, setWindowRect: true, strictFileInteractability: false, timeouts: {implicit: 0, pageLoad: 300000, script: 30000}, unhandledPromptBehavior: dismiss and notify, webauthn:extension:credBlob: true, webauthn:extension:largeBlob: true, webauthn:extension:minPinLength: true, webauthn:extension:prf: true, webauthn:virtualAuthenticators: true}
Session ID: caf9797fa991aca532afeb3669bd72a6
	at java.base/jdk.internal.reflect.NativeConstructorAccessorImpl.newInstance0(Native Method)
	at java.base/jdk.internal.reflect.NativeConstructorAccessorImpl.newInstance(NativeConstructorAccessorImpl.java:62)
	at java.base/jdk.internal.reflect.DelegatingConstructorAccessorImpl.newInstance(DelegatingConstructorAccessorImpl.java:45)
	at java.base/java.lang.reflect.Constructor.newInstance(Constructor.java:490)
	at org.openqa.selenium.remote.ErrorCodec.decode(ErrorCodec.java:167)
	at org.openqa.selenium.remote.codec.w3c.W3CHttpResponseCodec.decode(W3CHttpResponseCodec.java:138)
	at org.openqa.selenium.remote.codec.w3c.W3CHttpResponseCodec.decode(W3CHttpResponseCodec.java:50)
	at org.openqa.selenium.remote.HttpCommandExecutor.execute(HttpCommandExecutor.java:190)
	at org.openqa.selenium.remote.service.DriverCommandExecutor.invokeExecute(DriverCommandExecutor.java:216)
	at org.openqa.selenium.remote.service.DriverCommandExecutor.execute(DriverCommandExecutor.java:174)
	at org.openqa.selenium.remote.RemoteWebDriver.execute(RemoteWebDriver.java:527)
	at org.openqa.selenium.remote.RemoteWebDriver.get(RemoteWebDriver.java:302)
	at com.stepdefinitions.HomePageSteps.user_is_on_home_page(HomePageSteps.java:24)
	at âœ½.User is on Home Page(file:///C:/Users/sandeepdalei/eclipse-workspace/AssignmentCheck/src/test/resources/features/functionalities.feature:22)
&amp#27;[0m
  &amp#27;[36mAnd &amp#27;[0m&amp#27;[36mUser clicks on the search icon present at top left corner&amp#27;[0m            &amp#27;[90m# com.stepdefinitions.HomePageSteps.clickSEarchIcon()&amp#27;[0m
  &amp#27;[36mAnd &amp#27;[0m&amp#27;[36mUser enters the search item in the search box opened &amp#27;[0m&amp#27;[36m&amp#27;[1mOlympics&amp#27;[0m        &amp#27;[90m# com.stepdefinitions.HomePageSteps.enterSearchItem(java.lang.String)&amp#27;[0m
  &amp#27;[36mThen &amp#27;[0m&amp#27;[36mUser is on Search Page&amp#27;[0m                                              &amp#27;[90m# com.stepdefinitions.SearchPageSteps.user_is_on_search_page()&amp#27;[0m
  &amp#27;[36mAnd &amp#27;[0m&amp#27;[36mUser should verify the search Page Title &amp#27;[0m&amp#27;[36m&amp#27;[1mThe New York Times - Search&amp#27;[0m &amp#27;[90m# com.stepdefinitions.SearchPageSteps.verifyPageTitle(java.lang.String)&amp#27;[0m

    Embedding c8e2a6a6-94f5-47f2-8bc9-44ed5c8a84a1 [image/png 691098 bytes]

]]></system-out>
  </testcase>
  <testcase name="runScenario" classname="com.runners.TestNGRunner" time="22.891">
    <failure message="timeout: Timed out receiving message from renderer: 18.964&#10;  (Session info: chrome=127.0.6533.72)&#10;Build info: version: &apos;4.23.0&apos;, revision: &apos;4df0a231af&apos;&#10;System info: os.name: &apos;Windows 10&apos;, os.arch: &apos;amd64&apos;, os.version: &apos;10.0&apos;, java.version: &apos;11.0.2&apos;&#10;Driver info: org.openqa.selenium.chrome.ChromeDriver&#10;Command: [c1666557bf87093b7b4317cdecaa20ae, get {url=https://www.nytimes.com/}]&#10;Capabilities {acceptInsecureCerts: false, browserName: chrome, browserVersion: 127.0.6533.72, chrome: {chromedriverVersion: 127.0.6533.72 (9755e24ca85a..., userDataDir: C:\Users\SANDEE~1\AppData\L...}, fedcm:accounts: true, goog:chromeOptions: {debuggerAddress: localhost:57660}, networkConnectionEnabled: false, pageLoadStrategy: normal, platformName: windows, proxy: Proxy(), se:cdp: ws://localhost:57660/devtoo..., se:cdpVersion: 127.0.6533.72, setWindowRect: true, strictFileInteractability: false, timeouts: {implicit: 0, pageLoad: 300000, script: 30000}, unhandledPromptBehavior: dismiss and notify, webauthn:extension:credBlob: true, webauthn:extension:largeBlob: true, webauthn:extension:minPinLength: true, webauthn:extension:prf: true, webauthn:virtualAuthenticators: true}&#10;Session ID: c1666557bf87093b7b4317cdecaa20ae" type="org.openqa.selenium.TimeoutException">org.openqa.selenium.TimeoutException: 
timeout: Timed out receiving message from renderer: 18.964
  (Session info: chrome=127.0.6533.72)
Build info: version: '4.23.0', revision: '4df0a231af'
System info: os.name: 'Windows 10', os.arch: 'amd64', os.version: '10.0', java.version: '11.0.2'
Driver info: org.openqa.selenium.chrome.ChromeDriver
Command: [c1666557bf87093b7b4317cdecaa20ae, get {url=https://www.nytimes.com/}]
Capabilities {acceptInsecureCerts: false, browserName: chrome, browserVersion: 127.0.6533.72, chrome: {chromedriverVersion: 127.0.6533.72 (9755e24ca85a..., userDataDir: C:\Users\SANDEE~1\AppData\L...}, fedcm:accounts: true, goog:chromeOptions: {debuggerAddress: localhost:57660}, networkConnectionEnabled: false, pageLoadStrategy: normal, platformName: windows, proxy: Proxy(), se:cdp: ws://localhost:57660/devtoo..., se:cdpVersion: 127.0.6533.72, setWindowRect: true, strictFileInteractability: false, timeouts: {implicit: 0, pageLoad: 300000, script: 30000}, unhandledPromptBehavior: dismiss and notify, webauthn:extension:credBlob: true, webauthn:extension:largeBlob: true, webauthn:extension:minPinLength: true, webauthn:extension:prf: true, webauthn:virtualAuthenticators: true}
Session ID: c1666557bf87093b7b4317cdecaa20ae
</failure>
    <system-out><![CDATA[
Scenario Outline: [4] Verify the U.S. Navigation Link Present in Home Screen &amp#27;[90m# src/test/resources/features/functionalities.feature:38&amp#27;[0m
  &amp#27;[31mGiven &amp#27;[0m&amp#27;[31mUser is on Home Page&amp#27;[0m                                                 &amp#27;[90m# com.stepdefinitions.HomePageSteps.user_is_on_home_page()&amp#27;[0m
      &amp#27;[31morg.openqa.selenium.TimeoutException: timeout: Timed out receiving message from renderer: 18.964
  (Session info: chrome=127.0.6533.72)
Build info: version: '4.23.0', revision: '4df0a231af'
System info: os.name: 'Windows 10', os.arch: 'amd64', os.version: '10.0', java.version: '11.0.2'
Driver info: org.openqa.selenium.chrome.ChromeDriver
Command: [c1666557bf87093b7b4317cdecaa20ae, get {url=https://www.nytimes.com/}]
Capabilities {acceptInsecureCerts: false, browserName: chrome, browserVersion: 127.0.6533.72, chrome: {chromedriverVersion: 127.0.6533.72 (9755e24ca85a..., userDataDir: C:\Users\SANDEE~1\AppData\L...}, fedcm:accounts: true, goog:chromeOptions: {debuggerAddress: localhost:57660}, networkConnectionEnabled: false, pageLoadStrategy: normal, platformName: windows, proxy: Proxy(), se:cdp: ws://localhost:57660/devtoo..., se:cdpVersion: 127.0.6533.72, setWindowRect: true, strictFileInteractability: false, timeouts: {implicit: 0, pageLoad: 300000, script: 30000}, unhandledPromptBehavior: dismiss and notify, webauthn:extension:credBlob: true, webauthn:extension:largeBlob: true, webauthn:extension:minPinLength: true, webauthn:extension:prf: true, webauthn:virtualAuthenticators: true}
Session ID: c1666557bf87093b7b4317cdecaa20ae
	at java.base/jdk.internal.reflect.NativeConstructorAccessorImpl.newInstance0(Native Method)
	at java.base/jdk.internal.reflect.NativeConstructorAccessorImpl.newInstance(NativeConstructorAccessorImpl.java:62)
	at java.base/jdk.internal.reflect.DelegatingConstructorAccessorImpl.newInstance(DelegatingConstructorAccessorImpl.java:45)
	at java.base/java.lang.reflect.Constructor.newInstance(Constructor.java:490)
	at org.openqa.selenium.remote.ErrorCodec.decode(ErrorCodec.java:167)
	at org.openqa.selenium.remote.codec.w3c.W3CHttpResponseCodec.decode(W3CHttpResponseCodec.java:138)
	at org.openqa.selenium.remote.codec.w3c.W3CHttpResponseCodec.decode(W3CHttpResponseCodec.java:50)
	at org.openqa.selenium.remote.HttpCommandExecutor.execute(HttpCommandExecutor.java:190)
	at org.openqa.selenium.remote.service.DriverCommandExecutor.invokeExecute(DriverCommandExecutor.java:216)
	at org.openqa.selenium.remote.service.DriverCommandExecutor.execute(DriverCommandExecutor.java:174)
	at org.openqa.selenium.remote.RemoteWebDriver.execute(RemoteWebDriver.java:527)
	at org.openqa.selenium.remote.RemoteWebDriver.get(RemoteWebDriver.java:302)
	at com.stepdefinitions.HomePageSteps.user_is_on_home_page(HomePageSteps.java:24)
	at âœ½.User is on Home Page(file:///C:/Users/sandeepdalei/eclipse-workspace/AssignmentCheck/src/test/resources/features/functionalities.feature:32)
&amp#27;[0m
  &amp#27;[36mAnd &amp#27;[0m&amp#27;[36mUser mouse hovers on the U.S. Navigation Link&amp#27;[0m                          &amp#27;[90m# com.stepdefinitions.HomePageSteps.mouse_hover_US_Nav()&amp#27;[0m
  &amp#27;[36mThen &amp#27;[0m&amp#27;[36mUser clicks the U.S. section news under the U.S. Navigation Link&amp#27;[0m      &amp#27;[90m# com.stepdefinitions.HomePageSteps.click_US_sec_under_US_Nav()&amp#27;[0m
  &amp#27;[36mAnd &amp#27;[0m&amp#27;[36mUser lands on the U.S. News page &amp#27;[0m&amp#27;[36m&amp#27;[1mU.S. News - The New York Times&amp#27;[0m        &amp#27;[90m# com.stepdefinitions.HomePageSteps.user_lands_on_US_News_Page(java.lang.String)&amp#27;[0m

    Embedding 973e9115-7c93-4ad5-b999-47c27d16c916 [image/png 1040990 bytes]

]]></system-out>
  </testcase>
</testsuite>